<?xml version="1.0" encoding="utf-8"?>
<!--This file represents the results of running a test suite-->
<test-results name="Unity Tests" total="40" errors="0" failures="0" not-run="0" inconclusive="0" ignored="0" skipped="0" invalid="0" date="2015-05-07" time="13:07:52">
  <environment nunit-version="2.6.2-Unity" clr-version="2.0.50727.1433" os-version="Unix 14.3.0.0" platform="Unix" cwd="/Users/Wenzhi/Desktop/unity-sdk/unity-samples" machine-name="Wenzhi" user="Wenzhi" user-domain="Wenzhi" unity-version="5.0.1f1" unity-platform="Editor" />
  <culture-info current-culture="en-US" current-uiculture="en-US" />
  <test-suite name="Unit Tests" type="Assembly" executed="True" result="Success" success="True" time="0.524">
    <results>
      <test-case name="Appboy.Models.Cards.BannerCardTests.Constructor_WithAllFieldsInJsonString_CreatesCard" executed="True" result="Success" success="True" time="0.017">
      </test-case>
      <test-case name="Appboy.Models.Cards.BannerCardTests.Constructor_WithAllRequiredFieldsInJsonString_CreatesCard" executed="True" result="Success" success="True" time="0.000">
      </test-case>
      <test-case name="Appboy.Models.Cards.CaptionedImageCardTests.Constructor_WithAllFieldsInJsonString_CreatesCard" executed="True" result="Success" success="True" time="0.001">
      </test-case>
      <test-case name="Appboy.Models.Cards.CaptionedImageCardTests.Constructor_WithAllRequiredFieldsInJsonString_CreatesCard" executed="True" result="Success" success="True" time="0.001">
      </test-case>
      <test-case name="Appboy.Models.Cards.CardTests.Constructor_WithAllFieldsInJsonString_CreatesCard" executed="True" result="Success" success="True" time="0.002">
      </test-case>
      <test-case name="Appboy.Models.Cards.ClassicCardTests.Constructor_WithAllFieldsInJsonString_CreatesCard" executed="True" result="Success" success="True" time="0.001">
      </test-case>
      <test-case name="Appboy.Models.Cards.ClassicCardTests.Constructor_WithAllRequiredFieldsInJsonString_CreatesCard" executed="True" result="Success" success="True" time="0.000">
      </test-case>
      <test-case name="Appboy.Models.Cards.CrossPromotionSmallCardTests.Constructor_WithAllFieldsInJsonString_CreatesCard" executed="True" result="Success" success="True" time="0.004">
      </test-case>
      <test-case name="Appboy.Models.Cards.TextAnnouncementCardTests.Constructor_WithAllFieldsInJsonString_CreatesCard" executed="True" result="Success" success="True" time="0.001">
      </test-case>
      <test-case name="Appboy.Models.Cards.TextAnnouncementCardTests.Constructor_WithAllRequiredFieldsInJsonString_CreatesCard" executed="True" result="Success" success="True" time="0.000">
      </test-case>
      <test-case name="Appboy.Models.FeedTests.Constructor_WithAllFieldsInJsonString_CreatesFeed" executed="True" result="Success" success="True" time="0.029">
      </test-case>
      <test-case name="Appboy.Models.InAppMessage.InAppMessageBuilderTest.BuildInAppMessage_OnNull_ReturnsNull" executed="True" result="Success" success="True" time="0.006">
      </test-case>
      <test-case name="Appboy.Models.InAppMessage.InAppMessageBuilderTest.BuildInAppMessage_OnValidJsonString_ReturnsRightTypeOfInAppMessage" executed="True" result="Success" success="True" time="0.002">
      </test-case>
      <test-case name="Appboy.Models.InAppMessage.InAppMessageButtonTest.Constructor_WithAllFieldsInJsonString_CreatesInAppMessageButton" executed="True" result="Success" success="True" time="0.035">
      </test-case>
      <test-case name="Appboy.Models.InAppMessage.InAppMessageButtonTest.SetButtonClickAction_OnURI_ReturnFalse" executed="True" result="Success" success="True" time="0.007">
      </test-case>
      <test-case name="Appboy.Models.InAppMessage.InAppMessageButtonTest.SetButtonClickActionWithURI_OnURI_ReturnTrue" executed="True" result="Success" success="True" time="0.000">
      </test-case>
      <test-case name="Appboy.Models.InAppMessage.InAppMessageButtonTest.SetIButtonClickAction_OnNewsFeedOrNone_ReturnTrue" executed="True" result="Success" success="True" time="0.000">
      </test-case>
      <test-case name="Appboy.Models.InAppMessage.InAppMessageConstantsTest.JSONObjectFromString_OnValidJSONString_ReturnsJSONNode" executed="True" result="Success" success="True" time="0.000">
      </test-case>
      <test-case name="Appboy.Models.InAppMessage.InAppMessageConstantsTest.JSONObjectFromStringg_OnNullAndEmptyString_ReturnsNull" executed="True" result="Success" success="True" time="0.012">
      </test-case>
      <test-case name="Appboy.Models.InAppMessage.InAppMessageFullTest.Constructor_WithAllFieldsInJsonString_CreatesInAppMessageFull" executed="True" result="Success" success="True" time="0.138">
      </test-case>
      <test-case name="Appboy.Models.InAppMessage.InAppMessageModalTest.Constructor_WithAllFieldsInJsonString_CreatesInAppMessageModal" executed="True" result="Success" success="True" time="0.113">
      </test-case>
      <test-case name="Appboy.Models.InAppMessage.InAppMessageSlideupTest.Constructor_WithAllFieldsInJsonString_CreatesInAppMessageModal" executed="True" result="Success" success="True" time="0.072">
      </test-case>
      <test-case name="Appboy.Models.InAppMessage.InAppMessageTests.Constructor_WithAllFieldsInJsonString_CreatesInAppMessage" executed="True" result="Success" success="True" time="0.053">
      </test-case>
      <test-case name="Appboy.Models.InAppMessage.InAppMessageTests.Constructor_WithRequiredFieldsInJsonString_CreatesInAppMessage" executed="True" result="Success" success="True" time="0.000">
      </test-case>
      <test-case name="Appboy.Models.InAppMessage.InAppMessageTests.SetDuration_WithNegativeNumber_SetWithDefaultDuration" executed="True" result="Success" success="True" time="0.000">
      </test-case>
      <test-case name="Appboy.Models.InAppMessage.InAppMessageTests.SetDuration_WithZero_SetWithDefaultDuration" executed="True" result="Success" success="True" time="0.000">
      </test-case>
      <test-case name="Appboy.Models.InAppMessage.InAppMessageTests.SetInAppClickAction_OnNewsFeedOrNone_ReturnTrue" executed="True" result="Success" success="True" time="0.000">
      </test-case>
      <test-case name="Appboy.Models.InAppMessage.InAppMessageTests.SetInAppClickAction_OnURI_ReturnFalse" executed="True" result="Success" success="True" time="0.003">
      </test-case>
      <test-case name="Appboy.Models.InAppMessage.InAppMessageTests.SetInAppClickActionWithURI_OnURI_ReturnTrue" executed="True" result="Success" success="True" time="0.000">
      </test-case>
      <test-case name="Appboy.Utilities.CollectionUtilsTests.DictionaryToString_OnEmptyDictionary_ReturnsEmptyString" executed="True" result="Success" success="True" time="0.000">
      </test-case>
      <test-case name="Appboy.Utilities.CollectionUtilsTests.DictionaryToString_OnNonEmptyDictionary_ReturnsCommaSeparatedString" executed="True" result="Success" success="True" time="0.000">
      </test-case>
      <test-case name="Appboy.Utilities.CollectionUtilsTests.DictionaryToString_OnNull_ReturnsEmptyString" executed="True" result="Success" success="True" time="0.000">
      </test-case>
      <test-case name="Appboy.Utilities.ColorUtilsTests.HexToColor_WithIntHex_ReturnsColor" executed="True" result="Success" success="True" time="0.007">
      </test-case>
      <test-case name="Appboy.Utilities.ColorUtilsTests.HexToColor_WithIntStringHex_ReturnsColor" executed="True" result="Success" success="True" time="0.007">
      </test-case>
      <test-case name="Appboy.Utilities.ColorUtilsTests.HexToColor_WithNonNumbertStringHex_ReturnsClearColor" executed="True" result="Success" success="True" time="0.007">
      </test-case>
      <test-case name="Appboy.Utilities.ColorUtilsTests.HexToColor_WithUIntStringHex_ReturnsColor" executed="True" result="Success" success="True" time="0.006">
      </test-case>
      <test-case name="Appboy.Utilities.EnumUtilsTests.TryParse_OnInvalidEnumString_ReturnsDefaultValue" executed="True" result="Success" success="True" time="0.000">
      </test-case>
      <test-case name="Appboy.Utilities.EnumUtilsTests.TryParse_OnValidEnumString_ParsesEnum" executed="True" result="Success" success="True" time="0.000">
      </test-case>
      <test-case name="Appboy.Utilities.JsonUtilsTests.JSONClassToDictionary_OnNull_ReturnsEmptyDictionary" executed="True" result="Success" success="True" time="0.000">
      </test-case>
      <test-case name="Appboy.Utilities.JsonUtilsTests.JSONClassToDictionary_OnValidJson_ReturnsDictionary" executed="True" result="Success" success="True" time="0.000">
      </test-case>
    </results>
  </test-suite>
</test-results>
